2020-03-01T18:56:03.856Z [node js] level:warn message:User is not found method:UserService.getUser query: params:000
2020-03-01T18:57:09.958Z [node js] level:warn message:User is not found method:UserService.getUser query: params:000
2020-03-01T19:02:39.822Z [node js] level:warn message:User is not found method:UserService.getUser query: params:000
2020-03-01T19:04:55.606Z [node js] level:warn message:User is not found method:[GET] UserService.getUser query: params:000
2020-03-01T19:43:12.075Z [node js] level:warn message:User is not found method:[GET] UserService.getUser query: params:000
2020-03-01T19:52:52.412Z [node js] level:warn message:User is not found method:[GET] UserService.getUser query: params:000
2020-03-01T19:53:47.841Z [node js] level:warn message:User is not found method:[GET] UserService.getUser query: params:000
2020-03-01T20:22:09.493Z [node js] level:warn message:User is not found method:[GET] UserService.getUser query: params:000
2020-03-01T20:31:41.205Z [node js] level: warn message: User is not found method: [GET] UserService.getUser query:  params: 000
2020-03-01T20:32:26.474Z, [node js], level: warn, message: User is not found, method: [GET] UserService.getUser, query: , params: 000
2020-03-01T20:35:10.568Z, [UserService], level: warn, message: User is not found, method: [GET], query: , params: 000
2020-03-01T20:46:30.942Z, [UserService], level: warn, message: User is not found, method: [GET], query: , params: 000
2020-03-01T20:47:10.553Z, [UserService], level: warn, message: User is not found, method: GET, query: , params: 000
2020-03-05T11:38:59.896Z, [UserService], level: warn, message: User is not found, method: GET, query: , params: 1
2020-03-05T11:39:30.895Z, [UserService], level: warn, message: User is not found, method: GET, query: , params: 1
2020-03-05T11:39:33.386Z, [UserService], level: warn, message: User is not found, method: GET, query: , params: 1
2020-03-05T12:18:37.326Z, [UserService], level: warn, message: User is not found, method: GET, query: , params: 0
2020-03-05T12:19:53.247Z, [UserService], level: warn, message: _UserService.default.getUserd is not a function, method: GET, query: , params: 0
2020-03-05T12:20:10.628Z, [UserService], level: warn, message: _UserService.default.getUserd is not a function, method: GET, query: , params: 0
2020-03-05T12:22:20.396Z, [UserService], level: warn, message: _UserService.default.getUserd is not a function, method: GET, query: , params: 0
2020-03-05T12:23:13.861Z, [UserService], level: warn, message: _UserService.default.getUserd is not a function, method: GET, query: , params: 0
2020-03-05T12:23:18.929Z, [UserService], level: warn, message: _UserService.default.getUserd is not a function, method: GET, query: , params: 0
2020-03-07T14:46:35.353Z, [UserService], level: warn, message: _UserService.default.getUserd is not a function, method: GET, query: , params: 1
2020-03-07T14:46:51.115Z, [UserService], level: warn, message: _UserService.default.getUserd is not a function, method: GET, query: , params: 1
2020-03-08T13:19:33.201Z, [UserService], level: warn, message: _UserService.default.getUserd is not a function, method: GET, query: , params: 1
2020-03-08T13:20:12.454Z, [UserService], level: warn, message: User is not found, method: GET, query: , params: 1
2020-03-08T13:22:38.114Z, [UserService], level: warn, message: User is not found, method: GET, query: , params: 1
2020-03-08T13:28:10.383Z, [UserService], level: warn, message: User is not found, method: GET, query: , params: 1
2020-03-08T13:31:35.319Z, [UserService], level: warn, message: User is not found, method: GET, query: , params: 1
2020-03-08T13:32:56.748Z, [UserService], level: warn, message: User is not found, method: GET, query: , params: 1
